<?xml version="1.0" encoding="UTF-8" ?>
<testsuite failures="0" time="17.873" errors="0" skipped="0" tests="4" name="com.cee.news.store.jcr.TestJcrArticleStore">
  <properties>
[...]
</properties>
  <testcase time="0.592" classname="com.cee.news.store.jcr.TestJcrArticleStore" name="testUpdateSiteArticle"/>
  <testcase time="0.316" classname="com.cee.news.store.jcr.TestJcrArticleStore" name="testUpdateSiteArticleChangeContent"/>
  <testcase time="0.445" classname="com.cee.news.store.jcr.TestJcrArticleStore" name="testGetArticlesOrderedByDate"/>
  <testcase time="0.417" classname="com.cee.news.store.jcr.TestJcrArticleStore" name="testGetContent"/>
</testsuite>